[ 2014/ 3/ 5 -  0:14:30:592] [AHNHSUPDEXA] Start  
[ 2014/ 3/ 5 -  0:14:30:592] [AHNHSUPDEXA] HSMS3.0 
[ 2014/ 3/ 5 -  0:14:30:592] [AHNHSUPDA] Start (HS) 
[ 2014/ 3/ 5 -  0:14:42:408] [AHNHSUPDA] End  
[ 2014/ 3/ 5 -  0:14:42:408] [AHNHSUPDEXA] End 
[ 2014/ 3/ 5 -  0:14:43:557] [AHNHSMON] (0) 
[ 2014/ 8/27 - 13:23:36:949] [AHNHSUPDEXA] Start  
[ 2014/ 8/27 - 13:23:36:949] [AHNHSUPDA] Start (HS) 
[ 2014/ 8/27 - 13:23:41:763] [AHNHSUPDA] End  
[ 2014/ 8/27 - 13:23:41:763] [AHNHSUPDEXA] End 
[ 2014/ 8/27 - 13:23:42:263] [AHNHSMON] (0) 
[ 2014/ 8/27 - 14:15: 7:922] [AHNHSUPDEXA] Start  
[ 2014/ 8/27 - 14:15: 7:922] [AHNHSUPDA] Start (HS) 
[ 2014/ 8/27 - 14:15: 7:992] [AHNHSUPDA] 0x30000020 in 0xb000000 
[ 2014/ 8/27 - 14:15: 8:992] [AHNHSUPDA] V : 0x2010208 
[ 2014/ 8/27 - 14:15: 8:992] [AHNHSUPDA] TO(600000), TOPC(20000)  
[ 2014/ 8/27 - 14:15: 8:992] [AHNHSUPDA] RV 0x30000020  
[ 2014/ 8/27 - 14:15: 8:992] [AHNHSUPDA] End  
[ 2014/ 8/27 - 14:15: 8:992] [AHNHSUPDEXA] V : 0x2010208 
[ 2014/ 8/27 - 14:15: 8:992] [AHNHSUPDEXA] TO(600000), TOPC(20000)  
[ 2014/ 8/27 - 14:15: 8:992] [AHNHSUPDEXA] RV 0x30000020 
[ 2014/ 8/27 - 14:15: 8:993] [AHNHSUPDEXA] End 
[ 2014/ 8/27 - 15:12:34:142] [AHNHSUPDEXA] Start  
[ 2014/ 8/27 - 15:12:34:143] [AHNHSUPDA] Start (HS) 
[ 2014/ 8/27 - 15:12:34:216] [AHNHSUPDA] 0x30000020 in 0xb000000 
[ 2014/ 8/27 - 15:12:35:216] [AHNHSUPDA] V : 0x2010208 
[ 2014/ 8/27 - 15:12:35:216] [AHNHSUPDA] TO(600000), TOPC(20000)  
[ 2014/ 8/27 - 15:12:35:216] [AHNHSUPDA] RV 0x30000020  
[ 2014/ 8/27 - 15:12:35:216] [AHNHSUPDA] End  
[ 2014/ 8/27 - 15:12:35:216] [AHNHSUPDEXA] V : 0x2010208 
[ 2014/ 8/27 - 15:12:35:216] [AHNHSUPDEXA] TO(600000), TOPC(20000)  
[ 2014/ 8/27 - 15:12:35:216] [AHNHSUPDEXA] RV 0x30000020 
[ 2014/ 8/27 - 15:12:35:216] [AHNHSUPDEXA] End 
[ 2014/ 8/27 - 15:20: 0:807] [AHNHSUPDEXA] Start  
[ 2014/ 8/27 - 15:20: 0:808] [AHNHSUPDA] Start (HS) 
[ 2014/ 8/27 - 15:20: 0:977] [AHNHSUPDA] AU_RV 0x283c in 0xc060000 
[ 2014/ 8/27 - 15:20: 0:977] [AHNHSUPDA] End  
[ 2014/ 8/27 - 15:20: 0:977] [AHNHSUPDEXA] End 
[ 2014/ 8/27 - 15:20: 1: 67] [AHNHSMON] (0) 
[ 2014/ 8/27 - 15:21:12:983] [AHNHSUPDEXA] Start  
[ 2014/ 8/27 - 15:21:12:984] [AHNHSUPDA] Start (HS) 
[ 2014/ 8/27 - 15:21:13: 99] [AHNHSUPDA] AU_RV 0x283c in 0xc060000 
[ 2014/ 8/27 - 15:21:13: 99] [AHNHSUPDA] End  
[ 2014/ 8/27 - 15:21:13: 99] [AHNHSUPDEXA] End 
[ 2014/ 8/27 - 15:21:13:187] [AHNHSMON] (0) 
[ 2014/ 8/28 -  1: 2:57:207] [AHNHSUPDEXA] Start  
[ 2014/ 8/28 -  1: 2:57:208] [AHNHSUPDA] Start (HS) 
[ 2014/ 8/28 -  1: 2:57:661] [AHNHSUPDA] AU_RV 0x283c in 0xc060000 
[ 2014/ 8/28 -  1: 2:57:661] [AHNHSUPDA] End  
[ 2014/ 8/28 -  1: 2:57:661] [AHNHSUPDEXA] End 
[ 2014/ 8/28 -  1: 2:57:818] [AHNHSMON] (0) 
[ 2014/ 8/28 -  1: 6:59:465] [AHNHSUPDEXA] Start  
[ 2014/ 8/28 -  1: 6:59:466] [AHNHSUPDA] Start (HS) 
[ 2014/ 8/28 -  1: 6:59:685] [AHNHSUPDA] AU_RV 0x283c in 0xc060000 
[ 2014/ 8/28 -  1: 6:59:685] [AHNHSUPDA] End  
[ 2014/ 8/28 -  1: 6:59:685] [AHNHSUPDEXA] End 
[ 2014/ 8/28 -  1: 6:59:848] [AHNHSMON] (0) 
[ 2014/ 8/28 - 18:23:37:847] [AHNHSUPDEXA] Start  
[ 2014/ 8/28 - 18:23:37:863] [AHNHSUPDA] Start (HS) 
[ 2014/ 8/28 - 18:23:38:388] [AHNHSUPDA] AU_RV 0x283c in 0xc060000 
[ 2014/ 8/28 - 18:23:38:388] [AHNHSUPDA] End  
[ 2014/ 8/28 - 18:23:38:388] [AHNHSUPDEXA] End 
[ 2014/ 8/28 - 18:23:38:594] [AHNHSMON] (0) 
[ 2020/ 9/ 7 -  0:30:16:733] [AHNHSUPDEXA] Start  
[ 2020/ 9/ 7 -  0:30:16:740] [AHNHSUPDA] Start (HS) 
[ 2020/ 9/ 7 -  0:30:17:936] [AHNHSUPDA] AU_RV 0x283c in 0xc060000 
[ 2020/ 9/ 7 -  0:30:17:936] [AHNHSUPDA] End  
[ 2020/ 9/ 7 -  0:30:17:936] [AHNHSUPDEXA] End 
[ 2020/ 9/ 7 -  0:30:18:621] [AHNHSMON] (0) 
[ 2020/ 9/ 7 -  1:38:16:866] [AHNHSUPDEXA] Start  
[ 2020/ 9/ 7 -  1:38:16:896] [AHNHSUPDA] Start (HS) 
[ 2020/ 9/ 7 -  1:38:17:590] [AHNHSUPDA] AU_RV 0x283c in 0xc060000 
[ 2020/ 9/ 7 -  1:38:17:591] [AHNHSUPDA] End  
[ 2020/ 9/ 7 -  1:38:17:592] [AHNHSUPDEXA] End 
[ 2020/ 9/ 7 -  1:38:17:902] [AHNHSMON] (0) 
[ 2020/ 9/ 7 -  1:51:56:868] [AHNHSUPDEXA] Start  
[ 2020/ 9/ 7 -  1:51:56:868] [AHNHSUPDA] Start (HS) 
[ 2020/ 9/ 7 -  1:51:57:451] [AHNHSUPDA] AU_RV 0x283c in 0xc060000 
[ 2020/ 9/ 7 -  1:51:57:451] [AHNHSUPDA] End  
[ 2020/ 9/ 7 -  1:51:57:452] [AHNHSUPDEXA] End 
[ 2020/ 9/ 7 -  1:51:57:647] [AHNHSMON] (0) 
[ 2020/ 9/ 7 -  2: 7: 3:999] [AHNHSUPDEXA] Start  
[ 2020/ 9/ 7 -  2: 7: 4:  4] [AHNHSUPDA] Start (HS) 
[ 2020/ 9/ 7 -  2: 7: 4:548] [AHNHSUPDA] AU_RV 0x283c in 0xc060000 
[ 2020/ 9/ 7 -  2: 7: 4:549] [AHNHSUPDA] End  
[ 2020/ 9/ 7 -  2: 7: 4:549] [AHNHSUPDEXA] End 
[ 2020/ 9/ 7 -  2: 7: 4:738] [AHNHSMON] (0) 
[ 2020/ 9/ 7 -  2:19:11:671] [AHNHSUPDEXA] Start  
[ 2020/ 9/ 7 -  2:19:11:696] [AHNHSUPDA] Start (HS) 
[ 2020/ 9/ 7 -  2:19:12:330] [AHNHSUPDA] AU_RV 0x283c in 0xc060000 
[ 2020/ 9/ 7 -  2:19:12:330] [AHNHSUPDA] End  
[ 2020/ 9/ 7 -  2:19:12:331] [AHNHSUPDEXA] End 
[ 2020/ 9/ 7 -  2:19:12:552] [AHNHSMON] (0) 
[ 2020/ 9/ 7 -  2:39: 8:  2] [AHNHSUPDEXA] Start  
[ 2020/ 9/ 7 -  2:39: 8:  2] [AHNHSUPDA] Start (HS) 
[ 2020/ 9/ 7 -  2:39: 8:580] [AHNHSUPDA] AU_RV 0x283c in 0xc060000 
[ 2020/ 9/ 7 -  2:39: 8:581] [AHNHSUPDA] End  
[ 2020/ 9/ 7 -  2:39: 8:581] [AHNHSUPDEXA] End 
[ 2020/ 9/ 7 -  2:39: 8:777] [AHNHSMON] (0) 
[ 2020/ 9/ 7 -  2:45:10:162] [AHNHSUPDEXA] Start  
[ 2020/ 9/ 7 -  2:45:10:162] [AHNHSUPDA] Start (HS) 
[ 2020/ 9/ 7 -  2:45:10:641] [AHNHSUPDA] AU_RV 0x283c in 0xc060000 
[ 2020/ 9/ 7 -  2:45:10:641] [AHNHSUPDA] End  
[ 2020/ 9/ 7 -  2:45:10:642] [AHNHSUPDEXA] End 
[ 2020/ 9/ 7 -  2:45:10:836] [AHNHSMON] (0) 
[ 2020/ 9/ 7 -  2:55:40:134] [AHNHSUPDEXA] Start  
[ 2020/ 9/ 7 -  2:55:40:136] [AHNHSUPDA] Start (HS) 
[ 2020/ 9/ 7 -  2:55:40:598] [AHNHSUPDA] AU_RV 0x283c in 0xc060000 
[ 2020/ 9/ 7 -  2:55:40:598] [AHNHSUPDA] End  
[ 2020/ 9/ 7 -  2:55:40:599] [AHNHSUPDEXA] End 
[ 2020/ 9/ 7 -  2:55:40:787] [AHNHSMON] (0) 
[ 2020/ 9/ 7 -  3: 3:18:636] [AHNHSUPDEXA] Start  
[ 2020/ 9/ 7 -  3: 3:18:637] [AHNHSUPDA] Start (HS) 
[ 2020/ 9/ 7 -  3: 3:19: 96] [AHNHSUPDA] AU_RV 0x283c in 0xc060000 
[ 2020/ 9/ 7 -  3: 3:19: 97] [AHNHSUPDA] End  
[ 2020/ 9/ 7 -  3: 3:19: 97] [AHNHSUPDEXA] End 
[ 2020/ 9/ 7 -  3: 3:19:302] [AHNHSMON] (0) 
[ 2020/ 9/ 7 -  4:25: 2:276] [AHNHSUPDEXA] Start  
[ 2020/ 9/ 7 -  4:25: 2:282] [AHNHSUPDA] Start (HS) 
[ 2020/ 9/ 7 -  4:25: 3:216] [AHNHSUPDA] AU_RV 0x283c in 0xc060000 
[ 2020/ 9/ 7 -  4:25: 3:216] [AHNHSUPDA] End  
[ 2020/ 9/ 7 -  4:25: 3:216] [AHNHSUPDEXA] End 
[ 2020/ 9/ 7 -  4:25: 3:804] [AHNHSMON] (0) 
[ 2020/ 9/ 7 -  4:32:30:411] [AHNHSUPDEXA] Start  
[ 2020/ 9/ 7 -  4:32:30:412] [AHNHSUPDA] Start (HS) 
[ 2020/ 9/ 7 -  4:32:30:877] [AHNHSUPDA] AU_RV 0x283c in 0xc060000 
[ 2020/ 9/ 7 -  4:32:30:877] [AHNHSUPDA] End  
[ 2020/ 9/ 7 -  4:32:30:877] [AHNHSUPDEXA] End 
[ 2020/ 9/ 7 -  4:32:31: 63] [AHNHSMON] (0) 
[ 2020/ 9/ 7 -  5:36: 0:924] [AHNHSUPDEXA] Start  
[ 2020/ 9/ 7 -  5:36: 0:925] [AHNHSUPDA] Start (HS) 
[ 2020/ 9/ 7 -  5:36: 1:446] [AHNHSUPDA] AU_RV 0x283c in 0xc060000 
[ 2020/ 9/ 7 -  5:36: 1:446] [AHNHSUPDA] End  
[ 2020/ 9/ 7 -  5:36: 1:447] [AHNHSUPDEXA] End 
[ 2020/ 9/ 7 -  5:36: 1:632] [AHNHSMON] (0) 
[ 2020/ 9/ 7 -  5:38:44:795] [AHNHSUPDEXA] Start  
[ 2020/ 9/ 7 -  5:38:44:795] [AHNHSUPDA] Start (HS) 
[ 2020/ 9/ 7 -  5:38:45:258] [AHNHSUPDA] AU_RV 0x283c in 0xc060000 
[ 2020/ 9/ 7 -  5:38:45:258] [AHNHSUPDA] End  
[ 2020/ 9/ 7 -  5:38:45:258] [AHNHSUPDEXA] End 
[ 2020/ 9/ 7 -  5:38:45:440] [AHNHSMON] (0) 
[ 2020/ 9/ 7 -  5:41:20:409] [AHNHSUPDEXA] Start  
[ 2020/ 9/ 7 -  5:41:20:410] [AHNHSUPDA] Start (HS) 
[ 2020/ 9/ 7 -  5:41:20:872] [AHNHSUPDA] AU_RV 0x283c in 0xc060000 
[ 2020/ 9/ 7 -  5:41:20:872] [AHNHSUPDA] End  
[ 2020/ 9/ 7 -  5:41:20:872] [AHNHSUPDEXA] End 
[ 2020/ 9/ 7 -  5:41:21: 80] [AHNHSMON] (0) 
[ 2020/ 9/ 7 - 14:48:20:401] [AHNHSUPDEXA] Start  
[ 2020/ 9/ 7 - 14:48:20:401] [AHNHSUPDA] Start (HS) 
[ 2020/ 9/ 7 - 14:48:21: 67] [AHNHSUPDA] AU_RV 0x283c in 0xc060000 
[ 2020/ 9/ 7 - 14:48:21: 67] [AHNHSUPDA] End  
[ 2020/ 9/ 7 - 14:48:21: 67] [AHNHSUPDEXA] End 
[ 2020/ 9/ 7 - 14:48:21:773] [AHNHSMON] (0) 
[ 2020/ 9/ 7 - 15: 7: 6: 17] [AHNHSUPDEXA] Start  
[ 2020/ 9/ 7 - 15: 7: 6: 18] [AHNHSUPDA] Start (HS) 
[ 2020/ 9/ 7 - 15: 7: 6:755] [AHNHSUPDA] AU_RV 0x283c in 0xc060000 
[ 2020/ 9/ 7 - 15: 7: 6:755] [AHNHSUPDA] End  
[ 2020/ 9/ 7 - 15: 7: 6:755] [AHNHSUPDEXA] End 
[ 2020/ 9/ 7 - 15: 7: 7: 42] [AHNHSMON] (0) 
[ 2020/ 9/ 7 - 15:57: 2:284] [AHNHSUPDEXA] Start  
[ 2020/ 9/ 7 - 15:57: 2:284] [AHNHSUPDA] Start (HS) 
[ 2020/ 9/ 7 - 15:57: 3:  3] [AHNHSUPDA] AU_RV 0x283c in 0xc060000 
[ 2020/ 9/ 7 - 15:57: 3:  3] [AHNHSUPDA] End  
[ 2020/ 9/ 7 - 15:57: 3:  3] [AHNHSUPDEXA] End 
[ 2020/ 9/ 7 - 15:57: 3:228] [AHNHSMON] (0) 
[ 2020/ 9/ 7 - 16:18:22:923] [AHNHSUPDEXA] Start  
[ 2020/ 9/ 7 - 16:18:22:923] [AHNHSUPDA] Start (HS) 
[ 2020/ 9/ 7 - 16:18:23:513] [AHNHSUPDA] AU_RV 0x283c in 0xc060000 
[ 2020/ 9/ 7 - 16:18:23:513] [AHNHSUPDA] End  
[ 2020/ 9/ 7 - 16:18:23:513] [AHNHSUPDEXA] End 
[ 2020/ 9/ 7 - 16:18:23:726] [AHNHSMON] (0) 
[ 2020/ 9/ 7 - 17:18:13:742] [AHNHSUPDEXA] Start  
[ 2020/ 9/ 7 - 17:18:13:773] [AHNHSUPDA] Start (HS) 
[ 2020/ 9/ 7 - 17:18:14:438] [AHNHSUPDA] AU_RV 0x283c in 0xc060000 
[ 2020/ 9/ 7 - 17:18:14:438] [AHNHSUPDA] End  
[ 2020/ 9/ 7 - 17:18:14:438] [AHNHSUPDEXA] End 
[ 2020/ 9/ 7 - 17:18:14:683] [AHNHSMON] (0) 
[ 2020/ 9/ 7 - 17:39: 3:912] [AHNHSUPDEXA] Start  
[ 2020/ 9/ 7 - 17:39: 3:912] [AHNHSUPDA] Start (HS) 
[ 2020/ 9/ 7 - 17:39: 4:507] [AHNHSUPDA] AU_RV 0x283c in 0xc060000 
[ 2020/ 9/ 7 - 17:39: 4:507] [AHNHSUPDA] End  
[ 2020/ 9/ 7 - 17:39: 4:507] [AHNHSUPDEXA] End 
[ 2020/ 9/ 7 - 17:39: 4:707] [AHNHSMON] (0) 
[ 2020/ 9/ 7 - 17:43:45:495] [AHNHSUPDEXA] Start  
[ 2020/ 9/ 7 - 17:43:45:495] [AHNHSUPDA] Start (HS) 
[ 2020/ 9/ 7 - 17:43:46:105] [AHNHSUPDA] AU_RV 0x283c in 0xc060000 
[ 2020/ 9/ 7 - 17:43:46:105] [AHNHSUPDA] End  
[ 2020/ 9/ 7 - 17:43:46:105] [AHNHSUPDEXA] End 
[ 2020/ 9/ 7 - 17:43:46:295] [AHNHSMON] (0) 
[ 2020/ 9/ 7 - 17:54:14:308] [AHNHSUPDEXA] Start  
[ 2020/ 9/ 7 - 17:54:14:309] [AHNHSUPDA] Start (HS) 
[ 2020/ 9/ 7 - 17:54:14:904] [AHNHSUPDA] AU_RV 0x283c in 0xc060000 
[ 2020/ 9/ 7 - 17:54:14:905] [AHNHSUPDA] End  
[ 2020/ 9/ 7 - 17:54:14:905] [AHNHSUPDEXA] End 
[ 2020/ 9/ 7 - 17:54:15:200] [AHNHSMON] (0) 
[ 2020/ 9/ 7 - 18:15:47:949] [AHNHSUPDEXA] Start  
[ 2020/ 9/ 7 - 18:15:47:958] [AHNHSUPDA] Start (HS) 
[ 2020/ 9/ 7 - 18:15:48:566] [AHNHSUPDA] AU_RV 0x283c in 0xc060000 
[ 2020/ 9/ 7 - 18:15:48:566] [AHNHSUPDA] End  
[ 2020/ 9/ 7 - 18:15:48:567] [AHNHSUPDEXA] End 
[ 2020/ 9/ 7 - 18:15:48:751] [AHNHSMON] (0) 
[ 2020/ 9/ 7 - 18:41:13:494] [AHNHSUPDEXA] Start  
[ 2020/ 9/ 7 - 18:41:13:494] [AHNHSUPDA] Start (HS) 
[ 2020/ 9/ 7 - 18:41:14: 98] [AHNHSUPDA] AU_RV 0x283c in 0xc060000 
[ 2020/ 9/ 7 - 18:41:14: 98] [AHNHSUPDA] End  
[ 2020/ 9/ 7 - 18:41:14: 98] [AHNHSUPDEXA] End 
[ 2020/ 9/ 7 - 18:41:14:283] [AHNHSMON] (0) 
[ 2020/ 9/ 7 - 18:51: 6:766] [AHNHSUPDEXA] Start  
[ 2020/ 9/ 7 - 18:51: 6:766] [AHNHSUPDA] Start (HS) 
[ 2020/ 9/ 7 - 18:51: 7:596] [AHNHSUPDA] AU_RV 0x283c in 0xc060000 
[ 2020/ 9/ 7 - 18:51: 7:596] [AHNHSUPDA] End  
[ 2020/ 9/ 7 - 18:51: 7:596] [AHNHSUPDEXA] End 
[ 2020/ 9/ 7 - 18:51: 7:776] [AHNHSMON] (0) 
[ 2020/ 9/ 7 - 19:31:42:985] [AHNHSUPDEXA] Start  
[ 2020/ 9/ 7 - 19:31:42:985] [AHNHSUPDA] Start (HS) 
[ 2020/ 9/ 7 - 19:31:43:556] [AHNHSUPDA] AU_RV 0x283c in 0xc060000 
[ 2020/ 9/ 7 - 19:31:43:556] [AHNHSUPDA] End  
[ 2020/ 9/ 7 - 19:31:43:556] [AHNHSUPDEXA] End 
[ 2020/ 9/ 7 - 19:31:43:740] [AHNHSMON] (0) 
[ 2020/ 9/ 7 - 19:36:16:483] [AHNHSUPDEXA] Start  
[ 2020/ 9/ 7 - 19:36:16:493] [AHNHSUPDA] Start (HS) 
[ 2020/ 9/ 7 - 19:36:17:  3] [AHNHSUPDA] AU_RV 0x283c in 0xc060000 
[ 2020/ 9/ 7 - 19:36:17:  3] [AHNHSUPDA] End  
[ 2020/ 9/ 7 - 19:36:17:  3] [AHNHSUPDEXA] End 
[ 2020/ 9/ 7 - 19:36:17:190] [AHNHSMON] (0) 
[ 2020/ 9/ 7 - 19:44: 4:359] [AHNHSUPDEXA] Start  
[ 2020/ 9/ 7 - 19:44: 4:360] [AHNHSUPDA] Start (HS) 
[ 2020/ 9/ 7 - 19:44: 4:819] [AHNHSUPDA] AU_RV 0x283c in 0xc060000 
[ 2020/ 9/ 7 - 19:44: 4:819] [AHNHSUPDA] End  
[ 2020/ 9/ 7 - 19:44: 4:819] [AHNHSUPDEXA] End 
[ 2020/ 9/ 7 - 19:44: 5:  5] [AHNHSMON] (0) 
[ 2020/ 9/ 7 - 20:31:53:415] [AHNHSUPDEXA] Start  
[ 2020/ 9/ 7 - 20:31:53:424] [AHNHSUPDA] Start (HS) 
[ 2020/ 9/ 7 - 20:31:53:874] [AHNHSUPDA] AU_RV 0x283c in 0xc060000 
[ 2020/ 9/ 7 - 20:31:53:874] [AHNHSUPDA] End  
[ 2020/ 9/ 7 - 20:31:53:874] [AHNHSUPDEXA] End 
[ 2020/ 9/ 7 - 20:31:54: 55] [AHNHSMON] (0) 
[ 2020/ 9/ 7 - 21: 3:24:735] [AHNHSUPDEXA] Start  
[ 2020/ 9/ 7 - 21: 3:24:735] [AHNHSUPDA] Start (HS) 
[ 2020/ 9/ 7 - 21: 3:25:569] [AHNHSUPDA] AU_RV 0x283c in 0xc060000 
[ 2020/ 9/ 7 - 21: 3:25:569] [AHNHSUPDA] End  
[ 2020/ 9/ 7 - 21: 3:25:569] [AHNHSUPDEXA] End 
[ 2020/ 9/ 7 - 21: 3:25:749] [AHNHSMON] (0) 
[ 2020/ 9/ 7 - 21:13:27: 14] [AHNHSUPDEXA] Start  
[ 2020/ 9/ 7 - 21:13:27: 14] [AHNHSUPDA] Start (HS) 
[ 2020/ 9/ 7 - 21:13:27:544] [AHNHSUPDA] AU_RV 0x283c in 0xc060000 
[ 2020/ 9/ 7 - 21:13:27:544] [AHNHSUPDA] End  
[ 2020/ 9/ 7 - 21:13:27:544] [AHNHSUPDEXA] End 
[ 2020/ 9/ 7 - 21:13:27:724] [AHNHSMON] (0) 
[ 2020/ 9/ 7 - 22:50:32:747] [AHNHSUPDEXA] Start  
[ 2020/ 9/ 7 - 22:50:32:747] [AHNHSUPDA] Start (HS) 
[ 2020/ 9/ 7 - 22:50:33:153] [AHNHSUPDA] AU_RV 0x283c in 0xc060000 
[ 2020/ 9/ 7 - 22:50:33:153] [AHNHSUPDA] End  
[ 2020/ 9/ 7 - 22:50:33:153] [AHNHSUPDEXA] End 
[ 2020/ 9/ 7 - 22:50:33:325] [AHNHSMON] (0) 
[ 2020/ 9/ 7 - 23: 2:17:914] [AHNHSUPDEXA] Start  
[ 2020/ 9/ 7 - 23: 2:17:929] [AHNHSUPDA] Start (HS) 
[ 2020/ 9/ 7 - 23: 2:18:648] [AHNHSUPDA] AU_RV 0x283c in 0xc060000 
[ 2020/ 9/ 7 - 23: 2:18:648] [AHNHSUPDA] End  
[ 2020/ 9/ 7 - 23: 2:18:648] [AHNHSUPDEXA] End 
[ 2020/ 9/ 7 - 23: 2:18:836] [AHNHSMON] (0) 
[ 2020/ 9/ 7 - 23: 8:55:531] [AHNHSUPDEXA] Start  
[ 2020/ 9/ 7 - 23: 8:55:531] [AHNHSUPDA] Start (HS) 
[ 2020/ 9/ 7 - 23: 8:56: 46] [AHNHSUPDA] AU_RV 0x283c in 0xc060000 
[ 2020/ 9/ 7 - 23: 8:56: 46] [AHNHSUPDA] End  
[ 2020/ 9/ 7 - 23: 8:56: 46] [AHNHSUPDEXA] End 
[ 2020/ 9/ 7 - 23: 8:56:218] [AHNHSMON] (0) 
[ 2020/ 9/ 7 - 23:18:51:953] [AHNHSUPDEXA] Start  
[ 2020/ 9/ 7 - 23:18:51:955] [AHNHSUPDA] Start (HS) 
[ 2020/ 9/ 7 - 23:18:52:607] [AHNHSUPDA] AU_RV 0x283c in 0xc060000 
[ 2020/ 9/ 7 - 23:18:52:608] [AHNHSUPDA] End  
[ 2020/ 9/ 7 - 23:18:52:608] [AHNHSUPDEXA] End 
[ 2020/ 9/ 7 - 23:18:52:917] [AHNHSMON] (0) 
[ 2020/ 9/ 8 - 21:39:21:256] [AHNHSUPDEXA] Start  
[ 2020/ 9/ 8 - 21:39:21:256] [AHNHSUPDA] Start (HS) 
[ 2020/ 9/ 8 - 21:39:21:975] [AHNHSUPDA] AU_RV 0x283c in 0xc060000 
[ 2020/ 9/ 8 - 21:39:21:975] [AHNHSUPDA] End  
[ 2020/ 9/ 8 - 21:39:21:975] [AHNHSUPDEXA] End 
[ 2020/ 9/ 8 - 21:39:22:194] [AHNHSMON] (0) 
[ 2020/ 9/14 - 20:58: 6:982] [AHNHSUPDEXA] Start  
[ 2020/ 9/14 - 20:58: 6:982] [AHNHSUPDA] Start (HS) 
[ 2020/ 9/14 - 20:58: 8:698] [AHNHSUPDA] AU_RV 0x283c in 0xc060000 
[ 2020/ 9/14 - 20:58: 8:698] [AHNHSUPDA] End  
[ 2020/ 9/14 - 20:58: 8:698] [AHNHSUPDEXA] End 
[ 2020/ 9/14 - 20:58:10:120] [AHNHSMON] (0) 
[ 2020/ 9/14 - 22: 7:19:946] [AHNHSUPDEXA] Start  
[ 2020/ 9/14 - 22: 7:19:948] [AHNHSUPDA] Start (HS) 
[ 2020/ 9/14 - 22: 7:20:445] [AHNHSUPDA] AU_RV 0x283c in 0xc060000 
[ 2020/ 9/14 - 22: 7:20:445] [AHNHSUPDA] End  
[ 2020/ 9/14 - 22: 7:20:445] [AHNHSUPDEXA] End 
[ 2020/ 9/14 - 22: 7:20:641] [AHNHSMON] (0) 
[ 2020/ 9/14 - 22:25:38:899] [AHNHSUPDEXA] Start  
[ 2020/ 9/14 - 22:25:38:899] [AHNHSUPDA] Start (HS) 
[ 2020/ 9/14 - 22:25:39:430] [AHNHSUPDA] AU_RV 0x283c in 0xc060000 
[ 2020/ 9/14 - 22:25:39:430] [AHNHSUPDA] End  
[ 2020/ 9/14 - 22:25:39:430] [AHNHSUPDEXA] End 
[ 2020/ 9/14 - 22:25:39:618] [AHNHSMON] (0) 
[ 2020/ 9/14 - 22:33:48:925] [AHNHSUPDEXA] Start  
[ 2020/ 9/14 - 22:33:48:925] [AHNHSUPDA] Start (HS) 
[ 2020/ 9/14 - 22:33:49:394] [AHNHSUPDA] AU_RV 0x283c in 0xc060000 
[ 2020/ 9/14 - 22:33:49:394] [AHNHSUPDA] End  
[ 2020/ 9/14 - 22:33:49:394] [AHNHSUPDEXA] End 
[ 2020/ 9/14 - 22:33:49:581] [AHNHSMON] (0) 
[ 2020/ 9/15 - 23:43:20:952] [AHNHSUPDEXA] Start  
[ 2020/ 9/15 - 23:43:20:992] [AHNHSUPDA] Start (HS) 
[ 2020/ 9/15 - 23:43:21:786] [AHNHSUPDA] AU_RV 0x283c in 0xc060000 
[ 2020/ 9/15 - 23:43:21:786] [AHNHSUPDA] End  
[ 2020/ 9/15 - 23:43:21:786] [AHNHSUPDEXA] End 
[ 2020/ 9/15 - 23:43:22: 43] [AHNHSMON] (0) 
[ 2020/ 9/15 - 23:47:50:269] [AHNHSUPDEXA] Start  
[ 2020/ 9/15 - 23:47:50:270] [AHNHSUPDA] Start (HS) 
[ 2020/ 9/15 - 23:47:50:881] [AHNHSUPDA] AU_RV 0x283c in 0xc060000 
[ 2020/ 9/15 - 23:47:50:881] [AHNHSUPDA] End  
[ 2020/ 9/15 - 23:47:50:881] [AHNHSUPDEXA] End 
[ 2020/ 9/15 - 23:47:51: 65] [AHNHSMON] (0) 
[ 2020/ 9/16 -  0:36:16:882] [AHNHSUPDEXA] Start  
[ 2020/ 9/16 -  0:36:16:882] [AHNHSUPDA] Start (HS) 
[ 2020/ 9/16 -  0:36:17:351] [AHNHSUPDA] AU_RV 0x283c in 0xc060000 
[ 2020/ 9/16 -  0:36:17:351] [AHNHSUPDA] End  
[ 2020/ 9/16 -  0:36:17:351] [AHNHSUPDEXA] End 
[ 2020/ 9/16 -  0:36:17:522] [AHNHSMON] (0) 
[ 2020/ 9/16 -  0:41:11:912] [AHNHSUPDEXA] Start  
[ 2020/ 9/16 -  0:41:11:912] [AHNHSUPDA] Start (HS) 
[ 2020/ 9/16 -  0:41:12:380] [AHNHSUPDA] AU_RV 0x283c in 0xc060000 
[ 2020/ 9/16 -  0:41:12:380] [AHNHSUPDA] End  
[ 2020/ 9/16 -  0:41:12:380] [AHNHSUPDEXA] End 
[ 2020/ 9/16 -  0:41:12:552] [AHNHSMON] (0) 
[ 2020/ 9/16 -  0:47: 6:501] [AHNHSUPDEXA] Start  
[ 2020/ 9/16 -  0:47: 6:501] [AHNHSUPDA] Start (HS) 
[ 2020/ 9/16 -  0:47: 6:954] [AHNHSUPDA] AU_RV 0x283c in 0xc060000 
[ 2020/ 9/16 -  0:47: 6:954] [AHNHSUPDA] End  
[ 2020/ 9/16 -  0:47: 6:954] [AHNHSUPDEXA] End 
[ 2020/ 9/16 -  0:47: 7:126] [AHNHSMON] (0) 
[ 2020/ 9/16 -  0:55:45:468] [AHNHSUPDEXA] Start  
[ 2020/ 9/16 -  0:55:45:468] [AHNHSUPDA] Start (HS) 
[ 2020/ 9/16 -  0:55:45:937] [AHNHSUPDA] AU_RV 0x283c in 0xc060000 
[ 2020/ 9/16 -  0:55:45:937] [AHNHSUPDA] End  
[ 2020/ 9/16 -  0:55:45:937] [AHNHSUPDEXA] End 
[ 2020/ 9/16 -  0:55:46:109] [AHNHSMON] (0) 
[ 2020/ 9/16 -  0:59:28: 83] [AHNHSUPDEXA] Start  
[ 2020/ 9/16 -  0:59:28: 83] [AHNHSUPDA] Start (HS) 
[ 2020/ 9/16 -  0:59:28:489] [AHNHSUPDA] AU_RV 0x283c in 0xc060000 
[ 2020/ 9/16 -  0:59:28:489] [AHNHSUPDA] End  
[ 2020/ 9/16 -  0:59:28:489] [AHNHSUPDEXA] End 
[ 2020/ 9/16 -  0:59:28:661] [AHNHSMON] (0) 
[ 2020/ 9/16 -  8:52:22:340] [AHNHSUPDEXA] Start  
[ 2020/ 9/16 -  8:52:22:372] [AHNHSUPDA] Start (HS) 
[ 2020/ 9/16 -  8:52:22:965] [AHNHSUPDA] AU_RV 0x283c in 0xc060000 
[ 2020/ 9/16 -  8:52:22:965] [AHNHSUPDA] End  
[ 2020/ 9/16 -  8:52:22:965] [AHNHSUPDEXA] End 
[ 2020/ 9/16 -  8:52:23:215] [AHNHSMON] (0) 
[ 2020/ 9/16 -  8:56:15: 75] [AHNHSUPDEXA] Start  
[ 2020/ 9/16 -  8:56:15: 76] [AHNHSUPDA] Start (HS) 
[ 2020/ 9/16 -  8:56:15:617] [AHNHSUPDA] AU_RV 0x283c in 0xc060000 
[ 2020/ 9/16 -  8:56:15:617] [AHNHSUPDA] End  
[ 2020/ 9/16 -  8:56:15:617] [AHNHSUPDEXA] End 
[ 2020/ 9/16 -  8:56:15:802] [AHNHSMON] (0) 
[ 2020/ 9/16 -  9: 4:37:367] [AHNHSUPDEXA] Start  
[ 2020/ 9/16 -  9: 4:37:369] [AHNHSUPDA] Start (HS) 
[ 2020/ 9/16 -  9: 4:37:949] [AHNHSUPDA] AU_RV 0x283c in 0xc060000 
[ 2020/ 9/16 -  9: 4:37:949] [AHNHSUPDA] End  
[ 2020/ 9/16 -  9: 4:37:950] [AHNHSUPDEXA] End 
[ 2020/ 9/16 -  9: 4:38:142] [AHNHSMON] (0) 
[ 2020/ 9/16 -  9:36: 9:910] [AHNHSUPDEXA] Start  
[ 2020/ 9/16 -  9:36: 9:911] [AHNHSUPDA] Start (HS) 
[ 2020/ 9/16 -  9:36:10:373] [AHNHSUPDA] AU_RV 0x283c in 0xc060000 
[ 2020/ 9/16 -  9:36:10:373] [AHNHSUPDA] End  
[ 2020/ 9/16 -  9:36:10:374] [AHNHSUPDEXA] End 
[ 2020/ 9/16 -  9:36:10:558] [AHNHSMON] (0) 
[ 2020/ 9/16 -  9:45:31:404] [AHNHSUPDEXA] Start  
[ 2020/ 9/16 -  9:45:31:405] [AHNHSUPDA] Start (HS) 
[ 2020/ 9/16 -  9:45:31:914] [AHNHSUPDA] AU_RV 0x283c in 0xc060000 
[ 2020/ 9/16 -  9:45:31:914] [AHNHSUPDA] End  
[ 2020/ 9/16 -  9:45:31:914] [AHNHSUPDEXA] End 
[ 2020/ 9/16 -  9:45:32:101] [AHNHSMON] (0) 
[ 2020/ 9/16 -  9:51:28:735] [AHNHSUPDEXA] Start  
[ 2020/ 9/16 -  9:51:28:736] [AHNHSUPDA] Start (HS) 
[ 2020/ 9/16 -  9:51:29:243] [AHNHSUPDA] AU_RV 0x283c in 0xc060000 
[ 2020/ 9/16 -  9:51:29:243] [AHNHSUPDA] End  
[ 2020/ 9/16 -  9:51:29:244] [AHNHSUPDEXA] End 
[ 2020/ 9/16 -  9:51:29:430] [AHNHSMON] (0) 
[ 2020/ 9/16 - 19:15:12:201] [AHNHSUPDEXA] Start  
[ 2020/ 9/16 - 19:15:12:203] [AHNHSUPDA] Start (HS) 
[ 2020/ 9/16 - 19:15:12:969] [AHNHSUPDA] AU_RV 0x283c in 0xc060000 
[ 2020/ 9/16 - 19:15:12:969] [AHNHSUPDA] End  
[ 2020/ 9/16 - 19:15:12:970] [AHNHSUPDEXA] End 
[ 2020/ 9/16 - 19:15:13:153] [AHNHSMON] (0) 
[ 2020/ 9/16 - 19:22:25:104] [AHNHSUPDEXA] Start  
[ 2020/ 9/16 - 19:22:25:105] [AHNHSUPDA] Start (HS) 
[ 2020/ 9/16 - 19:22:25:628] [AHNHSUPDA] AU_RV 0x283c in 0xc060000 
[ 2020/ 9/16 - 19:22:25:628] [AHNHSUPDA] End  
[ 2020/ 9/16 - 19:22:25:628] [AHNHSUPDEXA] End 
[ 2020/ 9/16 - 19:22:25:810] [AHNHSMON] (0) 
[ 2020/ 9/16 - 19:30:57:391] [AHNHSUPDEXA] Start  
[ 2020/ 9/16 - 19:30:57:391] [AHNHSUPDA] Start (HS) 
[ 2020/ 9/16 - 19:30:57:794] [AHNHSUPDA] AU_RV 0x283c in 0xc060000 
[ 2020/ 9/16 - 19:30:57:794] [AHNHSUPDA] End  
[ 2020/ 9/16 - 19:30:57:794] [AHNHSUPDEXA] End 
[ 2020/ 9/16 - 19:30:57:985] [AHNHSMON] (0) 
[ 2020/ 9/16 - 19:41:41:295] [AHNHSUPDEXA] Start  
[ 2020/ 9/16 - 19:41:41:295] [AHNHSUPDA] Start (HS) 
[ 2020/ 9/16 - 19:41:41:753] [AHNHSUPDA] AU_RV 0x283c in 0xc060000 
[ 2020/ 9/16 - 19:41:41:753] [AHNHSUPDA] End  
[ 2020/ 9/16 - 19:41:41:753] [AHNHSUPDEXA] End 
[ 2020/ 9/16 - 19:41:41:940] [AHNHSMON] (0) 
[ 2020/ 9/16 - 20: 0:27:478] [AHNHSUPDEXA] Start  
[ 2020/ 9/16 - 20: 0:27:479] [AHNHSUPDA] Start (HS) 
[ 2020/ 9/16 - 20: 0:27:987] [AHNHSUPDA] AU_RV 0x283c in 0xc060000 
[ 2020/ 9/16 - 20: 0:27:987] [AHNHSUPDA] End  
[ 2020/ 9/16 - 20: 0:27:987] [AHNHSUPDEXA] End 
[ 2020/ 9/16 - 20: 0:28:174] [AHNHSMON] (0) 
[ 2020/ 9/16 - 20: 2:31:720] [AHNHSUPDEXA] Start  
[ 2020/ 9/16 - 20: 2:31:721] [AHNHSUPDA] Start (HS) 
[ 2020/ 9/16 - 20: 2:32:184] [AHNHSUPDA] AU_RV 0x283c in 0xc060000 
[ 2020/ 9/16 - 20: 2:32:184] [AHNHSUPDA] End  
[ 2020/ 9/16 - 20: 2:32:185] [AHNHSUPDEXA] End 
[ 2020/ 9/16 - 20: 2:32:384] [AHNHSMON] (0) 
[ 2020/ 9/16 - 20:19: 5:537] [AHNHSUPDEXA] Start  
[ 2020/ 9/16 - 20:19: 5:538] [AHNHSUPDA] Start (HS) 
[ 2020/ 9/16 - 20:19: 6:145] [AHNHSUPDA] AU_RV 0x283c in 0xc060000 
[ 2020/ 9/16 - 20:19: 6:145] [AHNHSUPDA] End  
[ 2020/ 9/16 - 20:19: 6:146] [AHNHSUPDEXA] End 
[ 2020/ 9/16 - 20:19: 6:350] [AHNHSMON] (0) 
[ 2020/ 9/16 - 20:35:17:370] [AHNHSUPDEXA] Start  
[ 2020/ 9/16 - 20:35:17:372] [AHNHSUPDA] Start (HS) 
[ 2020/ 9/16 - 20:35:18: 53] [AHNHSUPDA] AU_RV 0x283c in 0xc060000 
[ 2020/ 9/16 - 20:35:18: 53] [AHNHSUPDA] End  
[ 2020/ 9/16 - 20:35:18: 53] [AHNHSUPDEXA] End 
[ 2020/ 9/16 - 20:35:18:292] [AHNHSMON] (0) 
[ 2020/ 9/16 - 20:53:22:164] [AHNHSUPDEXA] Start  
[ 2020/ 9/16 - 20:53:22:165] [AHNHSUPDA] Start (HS) 
[ 2020/ 9/16 - 20:53:22:928] [AHNHSUPDA] AU_RV 0x283c in 0xc060000 
[ 2020/ 9/16 - 20:53:22:928] [AHNHSUPDA] End  
[ 2020/ 9/16 - 20:53:22:929] [AHNHSUPDEXA] End 
[ 2020/ 9/16 - 20:53:23:187] [AHNHSMON] (0) 
[ 2020/ 9/16 - 21:24:49:651] [AHNHSUPDEXA] Start  
[ 2020/ 9/16 - 21:24:49:653] [AHNHSUPDA] Start (HS) 
[ 2020/ 9/16 - 21:24:50:400] [AHNHSUPDA] AU_RV 0x283c in 0xc060000 
[ 2020/ 9/16 - 21:24:50:404] [AHNHSUPDA] End  
[ 2020/ 9/16 - 21:24:50:419] [AHNHSUPDEXA] End 
[ 2020/ 9/16 - 21:24:50:820] [AHNHSMON] (0) 
[ 2020/ 9/16 - 21:35: 7:721] [AHNHSUPDEXA] Start  
[ 2020/ 9/16 - 21:35: 7:722] [AHNHSUPDA] Start (HS) 
[ 2020/ 9/16 - 21:35: 8:279] [AHNHSUPDA] AU_RV 0x283c in 0xc060000 
[ 2020/ 9/16 - 21:35: 8:280] [AHNHSUPDA] End  
[ 2020/ 9/16 - 21:35: 8:280] [AHNHSUPDEXA] End 
[ 2020/ 9/16 - 21:35: 8:473] [AHNHSMON] (0) 
[ 2020/ 9/18 - 21:32:29:643] [AHNHSUPDEXA] Start  
[ 2020/ 9/18 - 21:32:29:653] [AHNHSUPDA] Start (HS) 
[ 2020/ 9/18 - 21:32:30:841] [AHNHSUPDA] AU_RV 0x283c in 0xc060000 
[ 2020/ 9/18 - 21:32:30:841] [AHNHSUPDA] End  
[ 2020/ 9/18 - 21:32:30:841] [AHNHSUPDEXA] End 
[ 2020/ 9/18 - 21:32:31:463] [AHNHSMON] (0) 
[ 2020/ 9/18 - 21:39: 5:692] [AHNHSUPDEXA] Start  
[ 2020/ 9/18 - 21:39: 5:692] [AHNHSUPDA] Start (HS) 
[ 2020/ 9/18 - 21:39: 6:218] [AHNHSUPDA] AU_RV 0x283c in 0xc060000 
[ 2020/ 9/18 - 21:39: 6:218] [AHNHSUPDA] End  
[ 2020/ 9/18 - 21:39: 6:218] [AHNHSUPDEXA] End 
[ 2020/ 9/18 - 21:39: 6:402] [AHNHSMON] (0) 
[ 2020/ 9/18 - 22:38:13:122] [AHNHSUPDEXA] Start  
[ 2020/ 9/18 - 22:38:13:122] [AHNHSUPDA] Start (HS) 
[ 2020/ 9/18 - 22:38:13:642] [AHNHSUPDA] AU_RV 0x283c in 0xc060000 
[ 2020/ 9/18 - 22:38:13:642] [AHNHSUPDA] End  
[ 2020/ 9/18 - 22:38:13:642] [AHNHSUPDEXA] End 
[ 2020/ 9/18 - 22:38:13:832] [AHNHSMON] (0) 
[ 2020/ 9/18 - 22:46:47:148] [AHNHSUPDEXA] Start  
[ 2020/ 9/18 - 22:46:47:148] [AHNHSUPDA] Start (HS) 
[ 2020/ 9/18 - 22:46:47:598] [AHNHSUPDA] AU_RV 0x283c in 0xc060000 
[ 2020/ 9/18 - 22:46:47:598] [AHNHSUPDA] End  
[ 2020/ 9/18 - 22:46:47:598] [AHNHSUPDEXA] End 
[ 2020/ 9/18 - 22:46:47:783] [AHNHSMON] (0) 
[ 2020/ 9/18 - 23: 3:20:962] [AHNHSUPDEXA] Start  
[ 2020/ 9/18 - 23: 3:20:964] [AHNHSUPDA] Start (HS) 
[ 2020/ 9/18 - 23: 3:21:656] [AHNHSUPDA] AU_RV 0x283c in 0xc060000 
[ 2020/ 9/18 - 23: 3:21:657] [AHNHSUPDA] End  
[ 2020/ 9/18 - 23: 3:21:657] [AHNHSUPDEXA] End 
[ 2020/ 9/18 - 23: 3:21:865] [AHNHSMON] (0) 
[ 2020/ 9/18 - 23: 6:29:832] [AHNHSUPDEXA] Start  
[ 2020/ 9/18 - 23: 6:29:833] [AHNHSUPDA] Start (HS) 
[ 2020/ 9/18 - 23: 6:30:340] [AHNHSUPDA] AU_RV 0x283c in 0xc060000 
[ 2020/ 9/18 - 23: 6:30:341] [AHNHSUPDA] End  
[ 2020/ 9/18 - 23: 6:30:341] [AHNHSUPDEXA] End 
[ 2020/ 9/18 - 23: 6:30:528] [AHNHSMON] (0) 
[ 2020/ 9/18 - 23:26:25:693] [AHNHSUPDEXA] Start  
[ 2020/ 9/18 - 23:26:25:694] [AHNHSUPDA] Start (HS) 
[ 2020/ 9/18 - 23:26:26:206] [AHNHSUPDA] AU_RV 0x283c in 0xc060000 
[ 2020/ 9/18 - 23:26:26:207] [AHNHSUPDA] End  
[ 2020/ 9/18 - 23:26:26:216] [AHNHSUPDEXA] End 
[ 2020/ 9/18 - 23:26:26:443] [AHNHSMON] (0) 
[ 2020/ 9/18 - 23:31:46:413] [AHNHSUPDEXA] Start  
[ 2020/ 9/18 - 23:31:46:414] [AHNHSUPDA] Start (HS) 
[ 2020/ 9/18 - 23:31:47:154] [AHNHSUPDA] AU_RV 0x283c in 0xc060000 
[ 2020/ 9/18 - 23:31:47:154] [AHNHSUPDA] End  
[ 2020/ 9/18 - 23:31:47:154] [AHNHSUPDEXA] End 
[ 2020/ 9/18 - 23:31:47:355] [AHNHSMON] (0) 
[ 2020/ 9/18 - 23:33:31:646] [AHNHSUPDEXA] Start  
[ 2020/ 9/18 - 23:33:31:647] [AHNHSUPDA] Start (HS) 
[ 2020/ 9/18 - 23:33:32: 96] [AHNHSUPDA] AU_RV 0x283c in 0xc060000 
[ 2020/ 9/18 - 23:33:32: 96] [AHNHSUPDA] End  
[ 2020/ 9/18 - 23:33:32: 96] [AHNHSUPDEXA] End 
[ 2020/ 9/18 - 23:33:32:310] [AHNHSMON] (0) 
[ 2020/ 9/18 - 23:45:28:  9] [AHNHSUPDEXA] Start  
[ 2020/ 9/18 - 23:45:28:  9] [AHNHSUPDA] Start (HS) 
[ 2020/ 9/18 - 23:45:28:672] [AHNHSUPDA] AU_RV 0x283c in 0xc060000 
[ 2020/ 9/18 - 23:45:28:672] [AHNHSUPDA] End  
[ 2020/ 9/18 - 23:45:28:672] [AHNHSUPDEXA] End 
[ 2020/ 9/18 - 23:45:28:857] [AHNHSMON] (0) 
[ 2020/ 9/18 - 23:54: 6:363] [AHNHSUPDEXA] Start  
[ 2020/ 9/18 - 23:54: 6:364] [AHNHSUPDA] Start (HS) 
[ 2020/ 9/18 - 23:54: 6:745] [AHNHSUPDA] AU_RV 0x283c in 0xc060000 
[ 2020/ 9/18 - 23:54: 6:746] [AHNHSUPDA] End  
[ 2020/ 9/18 - 23:54: 6:746] [AHNHSUPDEXA] End 
[ 2020/ 9/18 - 23:54: 6:930] [AHNHSMON] (0) 
[ 2020/ 9/19 -  0: 1: 0:657] [AHNHSUPDEXA] Start  
[ 2020/ 9/19 -  0: 1: 0:658] [AHNHSUPDA] Start (HS) 
[ 2020/ 9/19 -  0: 1: 1:177] [AHNHSUPDA] AU_RV 0x283c in 0xc060000 
[ 2020/ 9/19 -  0: 1: 1:177] [AHNHSUPDA] End  
[ 2020/ 9/19 -  0: 1: 1:177] [AHNHSUPDEXA] End 
[ 2020/ 9/19 -  0: 1: 1:363] [AHNHSMON] (0) 
[ 2020/ 9/19 -  0: 9:56:942] [AHNHSUPDEXA] Start  
[ 2020/ 9/19 -  0: 9:56:943] [AHNHSUPDA] Start (HS) 
[ 2020/ 9/19 -  0: 9:57:385] [AHNHSUPDA] AU_RV 0x283c in 0xc060000 
[ 2020/ 9/19 -  0: 9:57:385] [AHNHSUPDA] End  
[ 2020/ 9/19 -  0: 9:57:385] [AHNHSUPDEXA] End 
[ 2020/ 9/19 -  0: 9:57:570] [AHNHSMON] (0) 
[ 2020/ 9/19 -  0:12:27:945] [AHNHSUPDEXA] Start  
[ 2020/ 9/19 -  0:12:27:947] [AHNHSUPDA] Start (HS) 
[ 2020/ 9/19 -  0:12:28:465] [AHNHSUPDA] AU_RV 0x283c in 0xc060000 
[ 2020/ 9/19 -  0:12:28:465] [AHNHSUPDA] End  
[ 2020/ 9/19 -  0:12:28:466] [AHNHSUPDEXA] End 
[ 2020/ 9/19 -  0:12:28:655] [AHNHSMON] (0) 
[ 2020/ 9/19 -  0:19: 4:766] [AHNHSUPDEXA] Start  
[ 2020/ 9/19 -  0:19: 4:767] [AHNHSUPDA] Start (HS) 
[ 2020/ 9/19 -  0:19: 5:212] [AHNHSUPDA] AU_RV 0x283c in 0xc060000 
[ 2020/ 9/19 -  0:19: 5:212] [AHNHSUPDA] End  
[ 2020/ 9/19 -  0:19: 5:213] [AHNHSUPDEXA] End 
[ 2020/ 9/19 -  0:19: 5:408] [AHNHSMON] (0) 
[ 2020/ 9/19 -  0:24:24:155] [AHNHSUPDEXA] Start  
[ 2020/ 9/19 -  0:24:24:156] [AHNHSUPDA] Start (HS) 
[ 2020/ 9/19 -  0:24:24:554] [AHNHSUPDA] AU_RV 0x283c in 0xc060000 
[ 2020/ 9/19 -  0:24:24:554] [AHNHSUPDA] End  
[ 2020/ 9/19 -  0:24:24:555] [AHNHSUPDEXA] End 
[ 2020/ 9/19 -  0:24:24:741] [AHNHSMON] (0) 
[ 2020/ 9/19 -  0:43:14:770] [AHNHSUPDEXA] Start  
[ 2020/ 9/19 -  0:43:14:771] [AHNHSUPDA] Start (HS) 
[ 2020/ 9/19 -  0:43:15:307] [AHNHSUPDA] AU_RV 0x283c in 0xc060000 
[ 2020/ 9/19 -  0:43:15:307] [AHNHSUPDA] End  
[ 2020/ 9/19 -  0:43:15:308] [AHNHSUPDEXA] End 
[ 2020/ 9/19 -  0:43:15:499] [AHNHSMON] (0) 
[ 2020/ 9/19 -  1:10:38: 53] [AHNHSUPDEXA] Start  
[ 2020/ 9/19 -  1:10:38: 54] [AHNHSUPDA] Start (HS) 
[ 2020/ 9/19 -  1:10:38:605] [AHNHSUPDA] AU_RV 0x283c in 0xc060000 
[ 2020/ 9/19 -  1:10:38:606] [AHNHSUPDA] End  
[ 2020/ 9/19 -  1:10:38:606] [AHNHSUPDEXA] End 
[ 2020/ 9/19 -  1:10:38:817] [AHNHSMON] (0) 
[ 2020/ 9/19 -  1:18:18:468] [AHNHSUPDEXA] Start  
[ 2020/ 9/19 -  1:18:18:469] [AHNHSUPDA] Start (HS) 
[ 2020/ 9/19 -  1:18:18:991] [AHNHSUPDA] AU_RV 0x283c in 0xc060000 
[ 2020/ 9/19 -  1:18:18:991] [AHNHSUPDA] End  
[ 2020/ 9/19 -  1:18:18:991] [AHNHSUPDEXA] End 
[ 2020/ 9/19 -  1:18:19:181] [AHNHSMON] (0) 
[ 2020/ 9/19 -  1:27:29:411] [AHNHSUPDEXA] Start  
[ 2020/ 9/19 -  1:27:29:412] [AHNHSUPDA] Start (HS) 
[ 2020/ 9/19 -  1:27:29:949] [AHNHSUPDA] AU_RV 0x283c in 0xc060000 
[ 2020/ 9/19 -  1:27:29:949] [AHNHSUPDA] End  
[ 2020/ 9/19 -  1:27:29:950] [AHNHSUPDEXA] End 
[ 2020/ 9/19 -  1:27:30:134] [AHNHSMON] (0) 
[ 2020/ 9/19 -  1:48:40:132] [AHNHSUPDEXA] Start  
[ 2020/ 9/19 -  1:48:40:133] [AHNHSUPDA] Start (HS) 
[ 2020/ 9/19 -  1:48:40:670] [AHNHSUPDA] AU_RV 0x283c in 0xc060000 
[ 2020/ 9/19 -  1:48:40:670] [AHNHSUPDA] End  
[ 2020/ 9/19 -  1:48:40:670] [AHNHSUPDEXA] End 
[ 2020/ 9/19 -  1:48:40:865] [AHNHSMON] (0) 
[ 2020/ 9/19 -  1:54:15:715] [AHNHSUPDEXA] Start  
[ 2020/ 9/19 -  1:54:15:717] [AHNHSUPDA] Start (HS) 
[ 2020/ 9/19 -  1:54:16:706] [AHNHSUPDA] AU_RV 0x283c in 0xc060000 
[ 2020/ 9/19 -  1:54:16:707] [AHNHSUPDA] End  
[ 2020/ 9/19 -  1:54:16:707] [AHNHSUPDEXA] End 
[ 2020/ 9/19 -  1:54:17: 50] [AHNHSMON] (0) 
[ 2020/ 9/19 -  2: 6:15:228] [AHNHSUPDEXA] Start  
[ 2020/ 9/19 -  2: 6:15:229] [AHNHSUPDA] Start (HS) 
[ 2020/ 9/19 -  2: 6:15:891] [AHNHSUPDA] AU_RV 0x283c in 0xc060000 
[ 2020/ 9/19 -  2: 6:15:891] [AHNHSUPDA] End  
[ 2020/ 9/19 -  2: 6:15:891] [AHNHSUPDEXA] End 
[ 2020/ 9/19 -  2: 6:16:105] [AHNHSMON] (0) 
[ 2020/ 9/19 -  2:21:39:360] [AHNHSUPDEXA] Start  
[ 2020/ 9/19 -  2:21:39:361] [AHNHSUPDA] Start (HS) 
[ 2020/ 9/19 -  2:21:39:964] [AHNHSUPDA] AU_RV 0x283c in 0xc060000 
[ 2020/ 9/19 -  2:21:39:964] [AHNHSUPDA] End  
[ 2020/ 9/19 -  2:21:39:964] [AHNHSUPDEXA] End 
[ 2020/ 9/19 -  2:21:40:155] [AHNHSMON] (0) 
[ 2020/ 9/19 -  9:59:41:197] [AHNHSUPDEXA] Start  
[ 2020/ 9/19 -  9:59:41:230] [AHNHSUPDA] Start (HS) 
[ 2020/ 9/19 -  9:59:42: 34] [AHNHSUPDA] AU_RV 0x283c in 0xc060000 
[ 2020/ 9/19 -  9:59:42: 34] [AHNHSUPDA] End  
[ 2020/ 9/19 -  9:59:42: 35] [AHNHSUPDEXA] End 
[ 2020/ 9/19 -  9:59:42:329] [AHNHSMON] (0) 
[ 2020/ 9/19 - 10:19:25:131] [AHNHSUPDEXA] Start  
[ 2020/ 9/19 - 10:19:25:133] [AHNHSUPDA] Start (HS) 
[ 2020/ 9/19 - 10:19:25:734] [AHNHSUPDA] AU_RV 0x283c in 0xc060000 
[ 2020/ 9/19 - 10:19:25:734] [AHNHSUPDA] End  
[ 2020/ 9/19 - 10:19:25:734] [AHNHSUPDEXA] End 
[ 2020/ 9/19 - 10:19:25:925] [AHNHSMON] (0) 
[ 2020/ 9/19 - 10:45:28:609] [AHNHSUPDEXA] Start  
[ 2020/ 9/19 - 10:45:28:610] [AHNHSUPDA] Start (HS) 
[ 2020/ 9/19 - 10:45:29:142] [AHNHSUPDA] AU_RV 0x283c in 0xc060000 
[ 2020/ 9/19 - 10:45:29:142] [AHNHSUPDA] End  
[ 2020/ 9/19 - 10:45:29:143] [AHNHSUPDEXA] End 
[ 2020/ 9/19 - 10:45:29:326] [AHNHSMON] (0) 
[ 2020/ 9/19 - 10:48:41:111] [AHNHSUPDEXA] Start  
[ 2020/ 9/19 - 10:48:41:112] [AHNHSUPDA] Start (HS) 
[ 2020/ 9/19 - 10:48:41:602] [AHNHSUPDA] AU_RV 0x283c in 0xc060000 
[ 2020/ 9/19 - 10:48:41:602] [AHNHSUPDA] End  
[ 2020/ 9/19 - 10:48:41:603] [AHNHSUPDEXA] End 
[ 2020/ 9/19 - 10:48:41:793] [AHNHSMON] (0) 
[ 2020/ 9/19 - 10:53:41:937] [AHNHSUPDEXA] Start  
[ 2020/ 9/19 - 10:53:41:938] [AHNHSUPDA] Start (HS) 
[ 2020/ 9/19 - 10:53:42:537] [AHNHSUPDA] AU_RV 0x283c in 0xc060000 
[ 2020/ 9/19 - 10:53:42:538] [AHNHSUPDA] End  
[ 2020/ 9/19 - 10:53:42:538] [AHNHSUPDEXA] End 
[ 2020/ 9/19 - 10:53:42:770] [AHNHSMON] (0) 
[ 2020/ 9/19 - 10:58: 2:768] [AHNHSUPDEXA] Start  
[ 2020/ 9/19 - 10:58: 2:769] [AHNHSUPDA] Start (HS) 
[ 2020/ 9/19 - 10:58: 3:241] [AHNHSUPDA] AU_RV 0x283c in 0xc060000 
[ 2020/ 9/19 - 10:58: 3:242] [AHNHSUPDA] End  
[ 2020/ 9/19 - 10:58: 3:242] [AHNHSUPDEXA] End 
[ 2020/ 9/19 - 10:58: 3:427] [AHNHSMON] (0) 
[ 2020/ 9/19 - 11:23:41: 19] [AHNHSUPDEXA] Start  
[ 2020/ 9/19 - 11:23:41: 19] [AHNHSUPDA] Start (HS) 
[ 2020/ 9/19 - 11:23:41:846] [AHNHSUPDA] AU_RV 0x283c in 0xc060000 
[ 2020/ 9/19 - 11:23:41:846] [AHNHSUPDA] End  
[ 2020/ 9/19 - 11:23:41:847] [AHNHSUPDEXA] End 
[ 2020/ 9/19 - 11:23:42: 75] [AHNHSMON] (0) 
[ 2020/ 9/19 - 11:54: 0:835] [AHNHSUPDEXA] Start  
[ 2020/ 9/19 - 11:54: 0:836] [AHNHSUPDA] Start (HS) 
[ 2020/ 9/19 - 11:54: 1:377] [AHNHSUPDA] AU_RV 0x283c in 0xc060000 
[ 2020/ 9/19 - 11:54: 1:377] [AHNHSUPDA] End  
[ 2020/ 9/19 - 11:54: 1:377] [AHNHSUPDEXA] End 
[ 2020/ 9/19 - 11:54: 1:564] [AHNHSMON] (0) 
[ 2020/ 9/19 - 12:29:38:981] [AHNHSUPDEXA] Start  
[ 2020/ 9/19 - 12:29:38:982] [AHNHSUPDA] Start (HS) 
[ 2020/ 9/19 - 12:29:39:506] [AHNHSUPDA] AU_RV 0x283c in 0xc060000 
[ 2020/ 9/19 - 12:29:39:506] [AHNHSUPDA] End  
[ 2020/ 9/19 - 12:29:39:507] [AHNHSUPDEXA] End 
[ 2020/ 9/19 - 12:29:39:693] [AHNHSMON] (0) 
[ 2020/ 9/19 - 14:24: 2:633] [AHNHSUPDEXA] Start  
[ 2020/ 9/19 - 14:24: 2:634] [AHNHSUPDA] Start (HS) 
[ 2020/ 9/19 - 14:24: 3: 80] [AHNHSUPDA] AU_RV 0x283c in 0xc060000 
[ 2020/ 9/19 - 14:24: 3: 80] [AHNHSUPDA] End  
[ 2020/ 9/19 - 14:24: 3: 80] [AHNHSUPDEXA] End 
[ 2020/ 9/19 - 14:24: 3:261] [AHNHSMON] (0) 
[ 2020/ 9/19 - 14:29:53:381] [AHNHSUPDEXA] Start  
[ 2020/ 9/19 - 14:29:53:382] [AHNHSUPDA] Start (HS) 
[ 2020/ 9/19 - 14:29:53:889] [AHNHSUPDA] AU_RV 0x283c in 0xc060000 
[ 2020/ 9/19 - 14:29:53:889] [AHNHSUPDA] End  
[ 2020/ 9/19 - 14:29:53:890] [AHNHSUPDEXA] End 
[ 2020/ 9/19 - 14:29:54: 82] [AHNHSMON] (0) 
[ 2020/ 9/19 - 14:32:11:977] [AHNHSUPDEXA] Start  
[ 2020/ 9/19 - 14:32:11:979] [AHNHSUPDA] Start (HS) 
[ 2020/ 9/19 - 14:32:12:514] [AHNHSUPDA] AU_RV 0x283c in 0xc060000 
[ 2020/ 9/19 - 14:32:12:514] [AHNHSUPDA] End  
[ 2020/ 9/19 - 14:32:12:515] [AHNHSUPDEXA] End 
[ 2020/ 9/19 - 14:32:12:719] [AHNHSMON] (0) 
[ 2020/ 9/19 - 14:37: 3:416] [AHNHSUPDEXA] Start  
[ 2020/ 9/19 - 14:37: 3:416] [AHNHSUPDA] Start (HS) 
[ 2020/ 9/19 - 14:37: 3:933] [AHNHSUPDA] AU_RV 0x283c in 0xc060000 
[ 2020/ 9/19 - 14:37: 3:933] [AHNHSUPDA] End  
[ 2020/ 9/19 - 14:37: 3:933] [AHNHSUPDEXA] End 
[ 2020/ 9/19 - 14:37: 4:118] [AHNHSMON] (0) 
[ 2020/ 9/19 - 14:46:39:801] [AHNHSUPDEXA] Start  
[ 2020/ 9/19 - 14:46:39:801] [AHNHSUPDA] Start (HS) 
[ 2020/ 9/19 - 14:46:40:318] [AHNHSUPDA] AU_RV 0x283c in 0xc060000 
[ 2020/ 9/19 - 14:46:40:318] [AHNHSUPDA] End  
[ 2020/ 9/19 - 14:46:40:318] [AHNHSUPDEXA] End 
[ 2020/ 9/19 - 14:46:40:496] [AHNHSMON] (0) 
[ 2020/ 9/19 - 15: 6:23:978] [AHNHSUPDEXA] Start  
[ 2020/ 9/19 - 15: 6:23:978] [AHNHSUPDA] Start (HS) 
[ 2020/ 9/19 - 15: 6:24:436] [AHNHSUPDA] AU_RV 0x283c in 0xc060000 
[ 2020/ 9/19 - 15: 6:24:436] [AHNHSUPDA] End  
[ 2020/ 9/19 - 15: 6:24:437] [AHNHSUPDEXA] End 
[ 2020/ 9/19 - 15: 6:24:628] [AHNHSMON] (0) 
[ 2020/ 9/19 - 15: 8:38:490] [AHNHSUPDEXA] Start  
[ 2020/ 9/19 - 15: 8:38:491] [AHNHSUPDA] Start (HS) 
[ 2020/ 9/19 - 15: 8:38:920] [AHNHSUPDA] AU_RV 0x283c in 0xc060000 
[ 2020/ 9/19 - 15: 8:38:920] [AHNHSUPDA] End  
[ 2020/ 9/19 - 15: 8:38:921] [AHNHSUPDEXA] End 
[ 2020/ 9/19 - 15: 8:39:107] [AHNHSMON] (0) 
[ 2020/ 9/19 - 15:14:57:375] [AHNHSUPDEXA] Start  
[ 2020/ 9/19 - 15:14:57:376] [AHNHSUPDA] Start (HS) 
[ 2020/ 9/19 - 15:14:57:835] [AHNHSUPDA] AU_RV 0x283c in 0xc060000 
[ 2020/ 9/19 - 15:14:57:835] [AHNHSUPDA] End  
[ 2020/ 9/19 - 15:14:57:835] [AHNHSUPDEXA] End 
[ 2020/ 9/19 - 15:14:58: 24] [AHNHSMON] (0) 
[ 2020/ 9/19 - 15:19:55:544] [AHNHSUPDEXA] Start  
[ 2020/ 9/19 - 15:19:55:544] [AHNHSUPDA] Start (HS) 
[ 2020/ 9/19 - 15:19:56:114] [AHNHSUPDA] AU_RV 0x283c in 0xc060000 
[ 2020/ 9/19 - 15:19:56:114] [AHNHSUPDA] End  
[ 2020/ 9/19 - 15:19:56:115] [AHNHSUPDEXA] End 
[ 2020/ 9/19 - 15:19:56:326] [AHNHSMON] (0) 
[ 2020/ 9/19 - 15:40:18:319] [AHNHSUPDEXA] Start  
[ 2020/ 9/19 - 15:40:18:320] [AHNHSUPDA] Start (HS) 
[ 2020/ 9/19 - 15:40:18:779] [AHNHSUPDA] AU_RV 0x283c in 0xc060000 
[ 2020/ 9/19 - 15:40:18:780] [AHNHSUPDA] End  
[ 2020/ 9/19 - 15:40:18:780] [AHNHSUPDEXA] End 
[ 2020/ 9/19 - 15:40:18:967] [AHNHSMON] (0) 
[ 2020/ 9/19 - 15:54: 1:658] [AHNHSUPDEXA] Start  
[ 2020/ 9/19 - 15:54: 1:659] [AHNHSUPDA] Start (HS) 
[ 2020/ 9/19 - 15:54: 2:134] [AHNHSUPDA] AU_RV 0x283c in 0xc060000 
[ 2020/ 9/19 - 15:54: 2:134] [AHNHSUPDA] End  
[ 2020/ 9/19 - 15:54: 2:135] [AHNHSUPDEXA] End 
[ 2020/ 9/19 - 15:54: 2:320] [AHNHSMON] (0) 
[ 2020/ 9/19 - 16:10:15:902] [AHNHSUPDEXA] Start  
[ 2020/ 9/19 - 16:10:15:918] [AHNHSUPDA] Start (HS) 
[ 2020/ 9/19 - 16:10:16:684] [AHNHSUPDA] AU_RV 0x283c in 0xc060000 
[ 2020/ 9/19 - 16:10:16:684] [AHNHSUPDA] End  
[ 2020/ 9/19 - 16:10:16:684] [AHNHSUPDEXA] End 
[ 2020/ 9/19 - 16:10:16:965] [AHNHSMON] (0) 
[ 2020/ 9/19 - 16:31:12:974] [AHNHSUPDEXA] Start  
[ 2020/ 9/19 - 16:31:12:974] [AHNHSUPDA] Start (HS) 
[ 2020/ 9/19 - 16:31:13:567] [AHNHSUPDA] AU_RV 0x283c in 0xc060000 
[ 2020/ 9/19 - 16:31:13:567] [AHNHSUPDA] End  
[ 2020/ 9/19 - 16:31:13:567] [AHNHSUPDEXA] End 
[ 2020/ 9/19 - 16:31:13:757] [AHNHSMON] (0) 
[ 2020/ 9/20 - 18:46:35:458] [AHNHSUPDEXA] Start  
[ 2020/ 9/20 - 18:46:35:458] [AHNHSUPDA] Start (HS) 
[ 2020/ 9/20 - 18:46:36:939] [AHNHSUPDA] AU_RV 0x283c in 0xc060000 
[ 2020/ 9/20 - 18:46:36:939] [AHNHSUPDA] End  
[ 2020/ 9/20 - 18:46:36:939] [AHNHSUPDEXA] End 
[ 2020/ 9/20 - 18:46:37:148] [AHNHSMON] (0) 
[ 2020/ 9/20 - 18:54:43:156] [AHNHSUPDEXA] Start  
[ 2020/ 9/20 - 18:54:43:165] [AHNHSUPDA] Start (HS) 
[ 2020/ 9/20 - 18:54:43:655] [AHNHSUPDA] AU_RV 0x283c in 0xc060000 
[ 2020/ 9/20 - 18:54:43:655] [AHNHSUPDA] End  
[ 2020/ 9/20 - 18:54:43:655] [AHNHSUPDEXA] End 
[ 2020/ 9/20 - 18:54:43:840] [AHNHSMON] (0) 
[ 2020/ 9/20 - 18:59:44:253] [AHNHSUPDEXA] Start  
[ 2020/ 9/20 - 18:59:44:253] [AHNHSUPDA] Start (HS) 
[ 2020/ 9/20 - 18:59:44:743] [AHNHSUPDA] AU_RV 0x283c in 0xc060000 
[ 2020/ 9/20 - 18:59:44:743] [AHNHSUPDA] End  
[ 2020/ 9/20 - 18:59:44:743] [AHNHSUPDEXA] End 
[ 2020/ 9/20 - 18:59:44:928] [AHNHSMON] (0) 
[ 2020/ 9/20 - 19: 1:46:830] [AHNHSUPDEXA] Start  
[ 2020/ 9/20 - 19: 1:46:831] [AHNHSUPDA] Start (HS) 
[ 2020/ 9/20 - 19: 1:47:395] [AHNHSUPDA] AU_RV 0x283c in 0xc060000 
[ 2020/ 9/20 - 19: 1:47:396] [AHNHSUPDA] End  
[ 2020/ 9/20 - 19: 1:47:396] [AHNHSUPDEXA] End 
[ 2020/ 9/20 - 19: 1:47:583] [AHNHSMON] (0) 
[ 2020/ 9/20 - 19:10:24:718] [AHNHSUPDEXA] Start  
[ 2020/ 9/20 - 19:10:24:719] [AHNHSUPDA] Start (HS) 
[ 2020/ 9/20 - 19:10:25:230] [AHNHSUPDA] AU_RV 0x283c in 0xc060000 
[ 2020/ 9/20 - 19:10:25:230] [AHNHSUPDA] End  
[ 2020/ 9/20 - 19:10:25:230] [AHNHSUPDEXA] End 
[ 2020/ 9/20 - 19:10:25:415] [AHNHSMON] (0) 
[ 2020/ 9/20 - 19:19: 9:646] [AHNHSUPDEXA] Start  
[ 2020/ 9/20 - 19:19: 9:646] [AHNHSUPDA] Start (HS) 
[ 2020/ 9/20 - 19:19:10:184] [AHNHSUPDA] AU_RV 0x283c in 0xc060000 
[ 2020/ 9/20 - 19:19:10:185] [AHNHSUPDA] End  
[ 2020/ 9/20 - 19:19:10:185] [AHNHSUPDEXA] End 
[ 2020/ 9/20 - 19:19:10:391] [AHNHSMON] (0) 
[ 2020/ 9/20 - 19:25:57:400] [AHNHSUPDEXA] Start  
[ 2020/ 9/20 - 19:25:57:401] [AHNHSUPDA] Start (HS) 
[ 2020/ 9/20 - 19:25:57:906] [AHNHSUPDA] AU_RV 0x283c in 0xc060000 
[ 2020/ 9/20 - 19:25:57:906] [AHNHSUPDA] End  
[ 2020/ 9/20 - 19:25:57:907] [AHNHSUPDEXA] End 
[ 2020/ 9/20 - 19:25:58: 96] [AHNHSMON] (0) 
[ 2020/ 9/20 - 19:43:45:856] [AHNHSUPDEXA] Start  
[ 2020/ 9/20 - 19:43:45:858] [AHNHSUPDA] Start (HS) 
[ 2020/ 9/20 - 19:43:46:396] [AHNHSUPDA] AU_RV 0x283c in 0xc060000 
[ 2020/ 9/20 - 19:43:46:396] [AHNHSUPDA] End  
[ 2020/ 9/20 - 19:43:46:397] [AHNHSUPDEXA] End 
[ 2020/ 9/20 - 19:43:46:595] [AHNHSMON] (0) 
[ 2020/ 9/20 - 19:51: 1:632] [AHNHSUPDEXA] Start  
[ 2020/ 9/20 - 19:51: 1:664] [AHNHSUPDA] Start (HS) 
[ 2020/ 9/20 - 19:51: 2:137] [AHNHSUPDA] AU_RV 0x283c in 0xc060000 
[ 2020/ 9/20 - 19:51: 2:137] [AHNHSUPDA] End  
[ 2020/ 9/20 - 19:51: 2:138] [AHNHSUPDEXA] End 
[ 2020/ 9/20 - 19:51: 2:321] [AHNHSMON] (0) 
[ 2020/ 9/20 - 19:57:26:286] [AHNHSUPDEXA] Start  
[ 2020/ 9/20 - 19:57:26:287] [AHNHSUPDA] Start (HS) 
[ 2020/ 9/20 - 19:57:26:746] [AHNHSUPDA] AU_RV 0x283c in 0xc060000 
[ 2020/ 9/20 - 19:57:26:746] [AHNHSUPDA] End  
[ 2020/ 9/20 - 19:57:26:746] [AHNHSUPDEXA] End 
[ 2020/ 9/20 - 19:57:26:929] [AHNHSMON] (0) 
[ 2020/ 9/20 - 20: 0:22:575] [AHNHSUPDEXA] Start  
[ 2020/ 9/20 - 20: 0:22:577] [AHNHSUPDA] Start (HS) 
[ 2020/ 9/20 - 20: 0:23:473] [AHNHSUPDA] AU_RV 0x283c in 0xc060000 
[ 2020/ 9/20 - 20: 0:23:473] [AHNHSUPDA] End  
[ 2020/ 9/20 - 20: 0:23:474] [AHNHSUPDEXA] End 
[ 2020/ 9/20 - 20: 0:23:810] [AHNHSMON] (0) 
[ 2020/ 9/20 - 20: 8:12:777] [AHNHSUPDEXA] Start  
[ 2020/ 9/20 - 20: 8:12:777] [AHNHSUPDA] Start (HS) 
[ 2020/ 9/20 - 20: 8:13:256] [AHNHSUPDA] AU_RV 0x283c in 0xc060000 
[ 2020/ 9/20 - 20: 8:13:256] [AHNHSUPDA] End  
[ 2020/ 9/20 - 20: 8:13:256] [AHNHSUPDEXA] End 
[ 2020/ 9/20 - 20: 8:13:425] [AHNHSMON] (0) 
[ 2020/ 9/20 - 20:14:31:746] [AHNHSUPDEXA] Start  
[ 2020/ 9/20 - 20:14:31:746] [AHNHSUPDA] Start (HS) 
[ 2020/ 9/20 - 20:14:32:263] [AHNHSUPDA] AU_RV 0x283c in 0xc060000 
[ 2020/ 9/20 - 20:14:32:263] [AHNHSUPDA] End  
[ 2020/ 9/20 - 20:14:32:263] [AHNHSUPDEXA] End 
[ 2020/ 9/20 - 20:14:32:432] [AHNHSMON] (0) 
[ 2020/ 9/20 - 20:52:12:607] [AHNHSUPDEXA] Start  
[ 2020/ 9/20 - 20:52:12:608] [AHNHSUPDA] Start (HS) 
[ 2020/ 9/20 - 20:52:13:151] [AHNHSUPDA] AU_RV 0x283c in 0xc060000 
[ 2020/ 9/20 - 20:52:13:151] [AHNHSUPDA] End  
[ 2020/ 9/20 - 20:52:13:151] [AHNHSUPDEXA] End 
[ 2020/ 9/20 - 20:52:13:346] [AHNHSMON] (0) 
[ 2020/ 9/20 - 20:59:32:417] [AHNHSUPDEXA] Start  
[ 2020/ 9/20 - 20:59:32:418] [AHNHSUPDA] Start (HS) 
[ 2020/ 9/20 - 20:59:32:878] [AHNHSUPDA] AU_RV 0x283c in 0xc060000 
[ 2020/ 9/20 - 20:59:32:878] [AHNHSUPDA] End  
[ 2020/ 9/20 - 20:59:32:878] [AHNHSUPDEXA] End 
[ 2020/ 9/20 - 20:59:33: 82] [AHNHSMON] (0) 
[ 2020/ 9/20 - 21: 7:29:999] [AHNHSUPDEXA] Start  
[ 2020/ 9/20 - 21: 7:30:  0] [AHNHSUPDA] Start (HS) 
[ 2020/ 9/20 - 21: 7:30:443] [AHNHSUPDA] AU_RV 0x283c in 0xc060000 
[ 2020/ 9/20 - 21: 7:30:443] [AHNHSUPDA] End  
[ 2020/ 9/20 - 21: 7:30:443] [AHNHSUPDEXA] End 
[ 2020/ 9/20 - 21: 7:30:628] [AHNHSMON] (0) 
[ 2020/ 9/20 - 21:11:31:703] [AHNHSUPDEXA] Start  
[ 2020/ 9/20 - 21:11:31:704] [AHNHSUPDA] Start (HS) 
[ 2020/ 9/20 - 21:11:32: 85] [AHNHSUPDA] AU_RV 0x283c in 0xc060000 
[ 2020/ 9/20 - 21:11:32: 85] [AHNHSUPDA] End  
[ 2020/ 9/20 - 21:11:32: 85] [AHNHSUPDEXA] End 
[ 2020/ 9/20 - 21:11:32:271] [AHNHSMON] (0) 
[ 2020/ 9/20 - 21:14:48:292] [AHNHSUPDEXA] Start  
[ 2020/ 9/20 - 21:14:48:293] [AHNHSUPDA] Start (HS) 
[ 2020/ 9/20 - 21:14:48:751] [AHNHSUPDA] AU_RV 0x283c in 0xc060000 
[ 2020/ 9/20 - 21:14:48:751] [AHNHSUPDA] End  
[ 2020/ 9/20 - 21:14:48:752] [AHNHSUPDEXA] End 
[ 2020/ 9/20 - 21:14:48:971] [AHNHSMON] (0) 
[ 2020/10/ 3 - 18:23:44:432] [AHNHSUPDEXA] Start  
[ 2020/10/ 3 - 18:23:44:439] [AHNHSUPDA] Start (HS) 
[ 2020/10/ 3 - 18:23:45:673] [AHNHSUPDA] AU_RV 0x283c in 0xc060000 
[ 2020/10/ 3 - 18:23:45:674] [AHNHSUPDA] End  
[ 2020/10/ 3 - 18:23:45:674] [AHNHSUPDEXA] End 
[ 2020/10/ 3 - 18:23:46:298] [AHNHSMON] (0) 
[ 2020/10/ 3 - 18:58:52:173] [AHNHSUPDEXA] Start  
[ 2020/10/ 3 - 18:58:52:174] [AHNHSUPDA] Start (HS) 
[ 2020/10/ 3 - 18:58:52:931] [AHNHSUPDA] AU_RV 0x283c in 0xc060000 
[ 2020/10/ 3 - 18:58:52:931] [AHNHSUPDA] End  
[ 2020/10/ 3 - 18:58:52:932] [AHNHSUPDEXA] End 
[ 2020/10/ 3 - 18:58:53:172] [AHNHSMON] (0) 
[ 2020/11/18 - 22:37:33:694] [AHNHSUPDEXA] Start  
[ 2020/11/18 - 22:37:33:703] [AHNHSUPDA] Start (HS) 
[ 2020/11/18 - 22:37:35:401] [AHNHSUPDA] AU_RV 0x283c in 0xc060000 
[ 2020/11/18 - 22:37:35:401] [AHNHSUPDA] End  
[ 2020/11/18 - 22:37:35:401] [AHNHSUPDEXA] End 
[ 2020/11/18 - 22:37:36:132] [AHNHSMON] (0) 
[ 2020/11/18 - 22:40:47:998] [AHNHSUPDEXA] Start  
[ 2020/11/18 - 22:40:48:  0] [AHNHSUPDA] Start (HS) 
[ 2020/11/18 - 22:40:48:485] [AHNHSUPDA] AU_RV 0x283c in 0xc060000 
[ 2020/11/18 - 22:40:48:485] [AHNHSUPDA] End  
[ 2020/11/18 - 22:40:48:485] [AHNHSUPDEXA] End 
[ 2020/11/18 - 22:40:48:676] [AHNHSMON] (0) 
[ 2020/11/18 - 23:20:20:996] [AHNHSUPDEXA] Start  
[ 2020/11/18 - 23:20:20:997] [AHNHSUPDA] Start (HS) 
[ 2020/11/18 - 23:20:21:482] [AHNHSUPDA] AU_RV 0x283c in 0xc060000 
[ 2020/11/18 - 23:20:21:482] [AHNHSUPDA] End  
[ 2020/11/18 - 23:20:21:482] [AHNHSUPDEXA] End 
[ 2020/11/18 - 23:20:21:671] [AHNHSMON] (0) 
[ 2020/11/18 - 23:41:12:652] [AHNHSUPDEXA] Start  
[ 2020/11/18 - 23:41:12:655] [AHNHSUPDA] Start (HS) 
[ 2020/11/18 - 23:41:13:324] [AHNHSUPDA] AU_RV 0x283c in 0xc060000 
[ 2020/11/18 - 23:41:13:324] [AHNHSUPDA] End  
[ 2020/11/18 - 23:41:13:324] [AHNHSUPDEXA] End 
[ 2020/11/18 - 23:41:13:605] [AHNHSMON] (0) 
[ 2021/ 4/ 1 - 19:30: 5:393] [AHNHSUPDEXA] Start  
[ 2021/ 4/ 1 - 19:30: 5:399] [AHNHSUPDA] Start (HS) 
[ 2021/ 4/ 1 - 19:30: 6:562] [AHNHSUPDA] AU_RV 0x283c in 0xc060000 
[ 2021/ 4/ 1 - 19:30: 6:562] [AHNHSUPDA] End  
[ 2021/ 4/ 1 - 19:30: 6:562] [AHNHSUPDEXA] End 
[ 2021/ 4/ 1 - 19:30: 7:238] [AHNHSMON] (0) 
[ 2021/ 4/ 1 - 19:41:46:362] [AHNHSUPDEXA] Start  
[ 2021/ 4/ 1 - 19:41:46:362] [AHNHSUPDA] Start (HS) 
[ 2021/ 4/ 1 - 19:41:46:883] [AHNHSUPDA] AU_RV 0x283c in 0xc060000 
[ 2021/ 4/ 1 - 19:41:46:883] [AHNHSUPDA] End  
[ 2021/ 4/ 1 - 19:41:46:883] [AHNHSUPDEXA] End 
[ 2021/ 4/ 1 - 19:41:47: 65] [AHNHSMON] (0) 
[ 2021/ 4/ 1 - 21:56:28:899] [AHNHSUPDEXA] Start  
[ 2021/ 4/ 1 - 21:56:28:901] [AHNHSUPDA] Start (HS) 
[ 2021/ 4/ 1 - 21:56:31:185] [AHNHSUPDA] AU_RV 0x283c in 0xc060000 
[ 2021/ 4/ 1 - 21:56:31:185] [AHNHSUPDA] End  
[ 2021/ 4/ 1 - 21:56:31:186] [AHNHSUPDEXA] End 
[ 2021/ 4/ 1 - 21:56:31:797] [AHNHSMON] (0) 
[ 2021/ 6/29 - 14: 1:51:186] [AHNHSUPDEXA] Start  
[ 2021/ 6/29 - 14: 1:51:192] [AHNHSUPDA] Start (HS) 
[ 2021/ 6/29 - 14: 1:51:914] [AHNHSUPDA] AU_RV 0x283c in 0xc060000 
[ 2021/ 6/29 - 14: 1:51:914] [AHNHSUPDA] End  
[ 2021/ 6/29 - 14: 1:51:914] [AHNHSUPDEXA] End 
[ 2021/ 6/29 - 14: 1:52:499] [AHNHSMON] (0) 
[ 2021/ 7/ 1 -  1:26:47:799] [AHNHSUPDEXA] Start  
[ 2021/ 7/ 1 -  1:26:47:805] [AHNHSUPDA] Start (HS) 
[ 2021/ 7/ 1 -  1:26:48:957] [AHNHSUPDA] AU_RV 0x283c in 0xc060000 
[ 2021/ 7/ 1 -  1:26:48:957] [AHNHSUPDA] End  
[ 2021/ 7/ 1 -  1:26:48:957] [AHNHSUPDEXA] End 
[ 2021/ 7/ 1 -  1:26:49:823] [AHNHSMON] (0) 
[ 2021/ 7/ 1 -  1:38:56:332] [AHNHSUPDEXA] Start  
[ 2021/ 7/ 1 -  1:38:56:333] [AHNHSUPDA] Start (HS) 
[ 2021/ 7/ 1 -  1:38:56:828] [AHNHSUPDA] AU_RV 0x283c in 0xc060000 
[ 2021/ 7/ 1 -  1:38:56:828] [AHNHSUPDA] End  
[ 2021/ 7/ 1 -  1:38:56:828] [AHNHSUPDEXA] End 
[ 2021/ 7/ 1 -  1:38:57: 18] [AHNHSMON] (0) 
[ 2021/ 7/ 1 -  1:54:17: 46] [AHNHSUPDEXA] Start  
[ 2021/ 7/ 1 -  1:54:17: 48] [AHNHSUPDA] Start (HS) 
[ 2021/ 7/ 1 -  1:54:17:536] [AHNHSUPDA] AU_RV 0x283c in 0xc060000 
[ 2021/ 7/ 1 -  1:54:17:536] [AHNHSUPDA] End  
[ 2021/ 7/ 1 -  1:54:17:536] [AHNHSUPDEXA] End 
[ 2021/ 7/ 1 -  1:54:17:717] [AHNHSMON] (0) 
[ 2021/ 7/ 1 -  2: 5:18:925] [AHNHSUPDEXA] Start  
[ 2021/ 7/ 1 -  2: 5:18:925] [AHNHSUPDA] Start (HS) 
[ 2021/ 7/ 1 -  2: 5:19:366] [AHNHSUPDA] AU_RV 0x283c in 0xc060000 
[ 2021/ 7/ 1 -  2: 5:19:366] [AHNHSUPDA] End  
[ 2021/ 7/ 1 -  2: 5:19:366] [AHNHSUPDEXA] End 
[ 2021/ 7/ 1 -  2: 5:19:548] [AHNHSMON] (0) 
[ 2021/ 7/ 1 -  2:25:20:751] [AHNHSUPDEXA] Start  
[ 2021/ 7/ 1 -  2:25:20:753] [AHNHSUPDA] Start (HS) 
[ 2021/ 7/ 1 -  2:25:21:368] [AHNHSUPDA] AU_RV 0x283c in 0xc060000 
[ 2021/ 7/ 1 -  2:25:21:369] [AHNHSUPDA] End  
[ 2021/ 7/ 1 -  2:25:21:369] [AHNHSUPDEXA] End 
[ 2021/ 7/ 1 -  2:25:21:646] [AHNHSMON] (0) 
[ 2021/ 7/ 1 -  2:33: 4:526] [AHNHSUPDEXA] Start  
[ 2021/ 7/ 1 -  2:33: 4:528] [AHNHSUPDA] Start (HS) 
[ 2021/ 7/ 1 -  2:33: 4:961] [AHNHSUPDA] AU_RV 0x283c in 0xc060000 
[ 2021/ 7/ 1 -  2:33: 4:961] [AHNHSUPDA] End  
[ 2021/ 7/ 1 -  2:33: 4:961] [AHNHSUPDEXA] End 
[ 2021/ 7/ 1 -  2:33: 5:278] [AHNHSMON] (0) 
[ 2021/ 7/ 1 -  2:45:26:881] [AHNHSUPDEXA] Start  
[ 2021/ 7/ 1 -  2:45:26:883] [AHNHSUPDA] Start (HS) 
[ 2021/ 7/ 1 -  2:45:27:393] [AHNHSUPDA] AU_RV 0x283c in 0xc060000 
[ 2021/ 7/ 1 -  2:45:27:393] [AHNHSUPDA] End  
[ 2021/ 7/ 1 -  2:45:27:393] [AHNHSUPDEXA] End 
[ 2021/ 7/ 1 -  2:45:27:581] [AHNHSMON] (0) 
[ 2021/ 7/ 1 -  3: 3:47:695] [AHNHSUPDEXA] Start  
[ 2021/ 7/ 1 -  3: 3:47:697] [AHNHSUPDA] Start (HS) 
[ 2021/ 7/ 1 -  3: 3:48:261] [AHNHSUPDA] AU_RV 0x283c in 0xc060000 
[ 2021/ 7/ 1 -  3: 3:48:261] [AHNHSUPDA] End  
[ 2021/ 7/ 1 -  3: 3:48:261] [AHNHSUPDEXA] End 
[ 2021/ 7/ 1 -  3: 3:48:459] [AHNHSMON] (0) 
[ 2021/ 7/ 1 -  3:30:33:812] [AHNHSUPDEXA] Start  
[ 2021/ 7/ 1 -  3:30:33:814] [AHNHSUPDA] Start (HS) 
[ 2021/ 7/ 1 -  3:30:34:487] [AHNHSUPDA] AU_RV 0x283c in 0xc060000 
[ 2021/ 7/ 1 -  3:30:34:487] [AHNHSUPDA] End  
[ 2021/ 7/ 1 -  3:30:34:488] [AHNHSUPDEXA] End 
[ 2021/ 7/ 1 -  3:30:34:745] [AHNHSMON] (0) 
[ 2021/ 7/ 1 -  3:39:23:211] [AHNHSUPDEXA] Start  
[ 2021/ 7/ 1 -  3:39:23:213] [AHNHSUPDA] Start (HS) 
[ 2021/ 7/ 1 -  3:39:24: 99] [AHNHSUPDA] AU_RV 0x283c in 0xc060000 
[ 2021/ 7/ 1 -  3:39:24: 99] [AHNHSUPDA] End  
[ 2021/ 7/ 1 -  3:39:24: 99] [AHNHSUPDEXA] End 
[ 2021/ 7/ 1 -  3:39:24:310] [AHNHSMON] (0) 
[ 2021/ 7/ 1 -  3:50:20:836] [AHNHSUPDEXA] Start  
[ 2021/ 7/ 1 -  3:50:20:837] [AHNHSUPDA] Start (HS) 
[ 2021/ 7/ 1 -  3:50:21:325] [AHNHSUPDA] AU_RV 0x283c in 0xc060000 
[ 2021/ 7/ 1 -  3:50:21:325] [AHNHSUPDA] End  
[ 2021/ 7/ 1 -  3:50:21:325] [AHNHSUPDEXA] End 
[ 2021/ 7/ 1 -  3:50:21:530] [AHNHSMON] (0) 
[ 2021/ 7/ 1 -  4:26:41:983] [AHNHSUPDEXA] Start  
[ 2021/ 7/ 1 -  4:26:41:984] [AHNHSUPDA] Start (HS) 
[ 2021/ 7/ 1 -  4:26:42:533] [AHNHSUPDA] AU_RV 0x283c in 0xc060000 
[ 2021/ 7/ 1 -  4:26:42:533] [AHNHSUPDA] End  
[ 2021/ 7/ 1 -  4:26:42:534] [AHNHSUPDEXA] End 
[ 2021/ 7/ 1 -  4:26:42:741] [AHNHSMON] (0) 
[ 2021/ 7/ 1 -  4:37:51:349] [AHNHSUPDEXA] Start  
[ 2021/ 7/ 1 -  4:37:51:350] [AHNHSUPDA] Start (HS) 
[ 2021/ 7/ 1 -  4:37:51:829] [AHNHSUPDA] AU_RV 0x283c in 0xc060000 
[ 2021/ 7/ 1 -  4:37:51:829] [AHNHSUPDA] End  
[ 2021/ 7/ 1 -  4:37:51:830] [AHNHSUPDEXA] End 
[ 2021/ 7/ 1 -  4:37:52: 53] [AHNHSMON] (0) 
[ 2021/ 7/ 1 -  4:43:36:284] [AHNHSUPDEXA] Start  
[ 2021/ 7/ 1 -  4:43:36:286] [AHNHSUPDA] Start (HS) 
[ 2021/ 7/ 1 -  4:43:36:791] [AHNHSUPDA] AU_RV 0x283c in 0xc060000 
[ 2021/ 7/ 1 -  4:43:36:791] [AHNHSUPDA] End  
[ 2021/ 7/ 1 -  4:43:36:791] [AHNHSUPDEXA] End 
[ 2021/ 7/ 1 -  4:43:36:980] [AHNHSMON] (0) 
[ 2021/ 7/ 1 -  4:52:22:684] [AHNHSUPDEXA] Start  
[ 2021/ 7/ 1 -  4:52:22:687] [AHNHSUPDA] Start (HS) 
[ 2021/ 7/ 1 -  4:52:23:177] [AHNHSUPDA] AU_RV 0x283c in 0xc060000 
[ 2021/ 7/ 1 -  4:52:23:177] [AHNHSUPDA] End  
[ 2021/ 7/ 1 -  4:52:23:177] [AHNHSUPDEXA] End 
[ 2021/ 7/ 1 -  4:52:23:374] [AHNHSMON] (0) 
